2019-09-19 10:55:14 INFO - --------
2019-09-19 10:55:14 INFO - Starting Node.js Portable 2.8.0...
2019-09-19 10:55:14 INFO - Current path: C:\Users\28264088\Documents\nodejs
2019-09-19 10:55:15 INFO - >> INSTALL
2019-09-19 10:55:18 INFO - nodejsVersion: 10.16.3
2019-09-19 10:55:20 INFO - nodejsArch: x64
2019-09-19 10:55:20 INFO - Checking Node.js version 10.16.3... 
2019-09-19 10:55:20 INFO - Downloading https://nodejs.org/dist/v10.16.3/node-v10.16.3-win-x64.zip...
2019-09-19 10:55:20 INFO - Extracting node-v10.16.3-win-x64.zip... 
2019-09-19 10:55:32 INFO - Moving nodejs folder... 
2019-09-19 11:03:52 INFO - Creating Node.js configuration... 
2019-09-19 11:06:52 INFO - >> SHELL
2019-09-19 11:06:52 INFO - Checking if Node.js installed... 
2019-09-19 11:06:52 INFO - Creating Node.js configuration... 
2019-09-19 11:06:52 INFO - Checking custom paths...
2019-09-19 11:06:52 INFO - # C:\Program Files (x86)\Git\cmd 
2019-09-19 11:06:52 WARN - Not found...
2019-09-19 11:06:52 INFO - # D:\another_path 
2019-09-19 11:06:52 WARN - Not found...
2019-09-19 11:06:52 INFO - # C:\Users\28264088\Documents\a_relative_path 
2019-09-19 11:06:52 WARN - Not found...
2019-09-19 11:06:52 INFO - Adding node to PATH... 
2019-09-19 11:06:52 INFO - Setting NODE_PATH... 
2019-09-19 11:06:52 INFO - Creating launch script... 
2019-09-19 11:06:54 INFO - Clearing screen...
2019-09-19 11:06:54 INFO - Starting up the shell... 
2019-09-19 11:07:20 INFO - --------
2019-09-19 11:07:20 INFO - Starting Node.js Portable 2.8.0...
2019-09-19 11:07:20 INFO - Current path: C:\Users\28264088\Documents\nodejs
2019-09-19 11:07:23 INFO - >> SHELL
2019-09-19 11:07:23 INFO - Checking if Node.js installed... 
2019-09-19 11:07:23 INFO - Creating Node.js configuration... 
2019-09-19 11:07:23 INFO - Checking custom paths...
2019-09-19 11:07:23 INFO - # C:\Program Files (x86)\Git\cmd 
2019-09-19 11:07:23 WARN - Not found...
2019-09-19 11:07:23 INFO - # D:\another_path 
2019-09-19 11:07:23 WARN - Not found...
2019-09-19 11:07:23 INFO - # C:\Users\28264088\Documents\a_relative_path 
2019-09-19 11:07:23 WARN - Not found...
2019-09-19 11:07:23 INFO - Adding node to PATH... 
2019-09-19 11:07:23 INFO - Setting NODE_PATH... 
2019-09-19 11:07:23 INFO - Creating launch script... 
2019-09-19 11:07:24 INFO - Clearing screen...
2019-09-19 11:07:36 INFO - Starting up the shell... 
2019-09-19 11:08:50 ERRO - cannot unmarshall /nodejs-portable.conf: invalid character ']' looking for beginning of value
2019-09-19 11:09:22 INFO - --------
2019-09-19 11:09:22 INFO - Starting Node.js Portable 2.8.0...
2019-09-19 11:09:22 INFO - Current path: C:\Users\28264088\Documents\nodejs
2019-09-19 11:09:25 INFO - >> SHELL
2019-09-19 11:09:25 INFO - Checking if Node.js installed... 
2019-09-19 11:09:25 INFO - Creating Node.js configuration... 
2019-09-19 11:09:25 INFO - Checking custom paths...
2019-09-19 11:09:25 INFO - # C:\Program Files (x86)\Git\cmd 
2019-09-19 11:09:25 WARN - Not found...
2019-09-19 11:09:25 INFO - Adding node to PATH... 
2019-09-19 11:09:25 INFO - Setting NODE_PATH... 
2019-09-19 11:09:25 INFO - Creating launch script... 
2019-09-19 11:09:26 INFO - Clearing screen...
2019-09-19 11:09:27 INFO - Starting up the shell... 
2019-09-19 11:10:05 INFO - --------
2019-09-19 11:10:05 INFO - Starting Node.js Portable 2.8.0...
2019-09-19 11:10:05 INFO - Current path: C:\Users\28264088\Documents\nodejs
2019-09-19 11:10:11 INFO - >> SHELL
2019-09-19 11:10:11 INFO - Checking if Node.js installed... 
2019-09-19 11:10:11 INFO - Creating Node.js configuration... 
2019-09-19 11:10:11 INFO - Checking custom paths...
2019-09-19 11:10:11 INFO - # C:\Users\28264088\Documents\nodejs\~\Documents\PortableGit\bin\git.exe 
2019-09-19 11:10:11 WARN - Not found...
2019-09-19 11:10:11 INFO - Adding node to PATH... 
2019-09-19 11:10:11 INFO - Setting NODE_PATH... 
2019-09-19 11:10:11 INFO - Creating launch script... 
2019-09-19 11:10:56 INFO - --------
2019-09-19 11:10:56 INFO - Starting Node.js Portable 2.8.0...
2019-09-19 11:10:56 INFO - Current path: C:\Users\28264088\Documents\nodejs
2019-09-19 11:10:58 INFO - >> SHELL
2019-09-19 11:10:58 INFO - Checking if Node.js installed... 
2019-09-19 11:10:58 INFO - Creating Node.js configuration... 
2019-09-19 11:10:58 INFO - Checking custom paths...
2019-09-19 11:10:58 INFO - # C:\Users\28264088\Documents\nodejs\PortableGit\bin\git.exe 
2019-09-19 11:10:58 INFO - Adding customs path to PATH... 
2019-09-19 11:10:58 INFO - Adding node to PATH... 
2019-09-19 11:10:58 INFO - Setting NODE_PATH... 
2019-09-19 11:10:58 INFO - Creating launch script... 
2019-09-19 11:11:03 INFO - Clearing screen...
2019-09-19 11:11:03 INFO - Starting up the shell... 
2019-09-19 11:17:13 INFO - --------
2019-09-19 11:17:13 INFO - Starting Node.js Portable 2.8.0...
2019-09-19 11:17:13 INFO - Current path: C:\Users\28264088\Documents\NodeJSPortable
2019-09-19 11:17:15 INFO - >> SHELL
2019-09-19 11:17:15 INFO - Checking if Node.js installed... 
2019-09-19 11:17:15 INFO - Creating Node.js configuration... 
2019-09-19 11:17:15 INFO - Checking custom paths...
2019-09-19 11:17:15 INFO - # C:\Users\28264088\Documents\PortableGit\bin\git.exe 
2019-09-19 11:17:15 INFO - Adding customs path to PATH... 
2019-09-19 11:17:15 INFO - Adding node to PATH... 
2019-09-19 11:17:15 INFO - Setting NODE_PATH... 
2019-09-19 11:17:15 INFO - Creating launch script... 
2019-09-19 11:17:20 INFO - Clearing screen...
2019-09-19 11:17:21 INFO - Starting up the shell... 
